[2024-05-13 00:00:32] INFO root fetch - main [MainThread]: Get Changelog since Serial: [23174312]
[2024-05-13 00:00:37] INFO root fetch - main [MainThread]: Found 3 changed packages
[2024-05-13 00:00:37] INFO root fetch - processPackages [ThreadPoolExecutor-0_0]: Start processing: recopyz
[2024-05-13 00:00:37] INFO root fetch - processPackages [ThreadPoolExecutor-0_1]: Start processing: tcrutils
[2024-05-13 00:00:37] INFO root fetch - processPackages [ThreadPoolExecutor-0_2]: Start processing: outcriesz
[2024-05-13 00:00:37] INFO root fetch - processPackages [tcrutils]: New version: [12.0.158] Old Version: [12.0.157]
[2024-05-13 00:00:37] WARNING root fetch - processPackages [outcriesz]: Skipping, unable to determine old version
[2024-05-13 00:00:37] INFO root fetch - main [MainThread]: End processing [outcriesz] error
[2024-05-13 00:00:37] WARNING root fetch - processPackages [recopyz]: Skipping, unable to determine old version
[2024-05-13 00:00:37] INFO root fetch - main [MainThread]: End processing [recopyz] error
[2024-05-13 00:00:37] INFO root fetch - processPackages [tcrutils]: Downloading https://files.pythonhosted.org/packages/ad/54/a7cb44f31ededcbb8b7cfdc9b722e13d85104a62388e13a0035135920b08/tcrutils-12.0.157.tar.gz
[2024-05-13 00:00:37] INFO root fetch - processPackages [tcrutils]: Downloading https://files.pythonhosted.org/packages/c8/8d/fd81eeccde090926fd2490108dbf3cc1e00c39ddf7b95f9a58d7126e44da/tcrutils-12.0.158.tar.gz
[2024-05-13 00:00:38] INFO root fetch - processPackages [tcrutils]: executing diffoscope
[2024-05-13 00:00:38] INFO root fetch - processPackages [tcrutils]: podman run --user 0:0 --rm -w /home/abi/fetcher -v /home/abi/fetcher/tmp:/home/abi/fetcher/tmp:ro -v /home/abi/fetcher/20240513:/home/abi/fetcher/20240513:rw registry.salsa.debian.org/reproducible-builds/diffoscope --no-progress tmp/tcrutils-12.0.157.tar.gz tmp/tcrutils-12.0.158.tar.gz --markdown 20240513/t/tcrutils/12.0.157-12.0.158/README.md --exclude *.pyd
[2024-05-13 00:00:38] INFO root fetch - processPackages [tcrutils]: Remove: archive file [/home/abi/fetcher/tmp/tcrutils-12.0.157.tar.gz]
[2024-05-13 00:00:38] INFO root fetch - processPackages [tcrutils]: Remove: archive file [/home/abi/fetcher/tmp/tcrutils-12.0.158.tar.gz]
[2024-05-13 00:00:38] INFO root fetch - main [MainThread]: End processing [tcrutils]: success
[2024-05-13 00:00:38] INFO root fetch - main [MainThread]: Store serial: [23174323]
[2024-05-13 00:02:42] INFO root fetch - main [MainThread]: Get Changelog since Serial: [23174323]
[2024-05-13 00:02:46] INFO root fetch - main [MainThread]: Found 2 changed packages
[2024-05-13 00:02:46] INFO root fetch - processPackages [ThreadPoolExecutor-0_0]: Start processing: retell-sdk
[2024-05-13 00:02:46] INFO root fetch - processPackages [ThreadPoolExecutor-0_1]: Start processing: router-movistar
[2024-05-13 00:02:47] INFO root fetch - processPackages [retell-sdk]: New version: [3.9.0] Old Version: [3.8.0]
[2024-05-13 00:02:47] INFO root fetch - processPackages [retell-sdk]: Downloading https://files.pythonhosted.org/packages/e1/53/f375ee017875b3c24fc03d377dc5f55fc4f3759c3ecd37e3c7fcb29192ff/retell_sdk-3.8.0.tar.gz
[2024-05-13 00:02:47] WARNING root fetch - processPackages [router-movistar]: Skipping, unable to determine old version
[2024-05-13 00:02:47] INFO root fetch - main [MainThread]: End processing [router-movistar] error
[2024-05-13 00:02:47] INFO root fetch - processPackages [retell-sdk]: Downloading https://files.pythonhosted.org/packages/75/b5/15a8ee4ce52c9f786d1bcf55ee0681a2f4e137e3c72085347dd5733e6ff0/retell_sdk-3.9.0.tar.gz
[2024-05-13 00:02:47] INFO root fetch - processPackages [retell-sdk]: executing diffoscope
[2024-05-13 00:02:47] INFO root fetch - processPackages [retell-sdk]: podman run --user 0:0 --rm -w /home/abi/fetcher -v /home/abi/fetcher/tmp:/home/abi/fetcher/tmp:ro -v /home/abi/fetcher/20240513:/home/abi/fetcher/20240513:rw registry.salsa.debian.org/reproducible-builds/diffoscope --no-progress tmp/retell_sdk-3.8.0.tar.gz tmp/retell_sdk-3.9.0.tar.gz --markdown 20240513/r/retell-sdk/3.8.0-3.9.0/README.md --exclude *.pyd
[2024-05-13 00:02:48] INFO root fetch - processPackages [retell-sdk]: Remove: archive file [/home/abi/fetcher/tmp/retell_sdk-3.8.0.tar.gz]
[2024-05-13 00:02:48] INFO root fetch - processPackages [retell-sdk]: Remove: archive file [/home/abi/fetcher/tmp/retell_sdk-3.9.0.tar.gz]
[2024-05-13 00:02:48] INFO root fetch - main [MainThread]: End processing [retell-sdk]: success
[2024-05-13 00:02:48] INFO root fetch - main [MainThread]: Store serial: [23174331]
[2024-05-13 00:04:51] INFO root fetch - main [MainThread]: Get Changelog since Serial: [23174331]
[2024-05-13 00:04:56] INFO root fetch - main [MainThread]: Found 4 changed packages
[2024-05-13 00:04:56] INFO root fetch - processPackages [ThreadPoolExecutor-0_0]: Start processing: xaivision
[2024-05-13 00:04:56] INFO root fetch - processPackages [ThreadPoolExecutor-0_1]: Start processing: etherionz
[2024-05-13 00:04:56] INFO root fetch - processPackages [ThreadPoolExecutor-0_2]: Start processing: PayOpt
[2024-05-13 00:04:56] INFO root fetch - processPackages [ThreadPoolExecutor-0_3]: Start processing: adornoz
[2024-05-13 00:04:56] INFO root fetch - processPackages [xaivision]: New version: [0.5.3] Old Version: [0.5.2]
[2024-05-13 00:04:56] INFO root fetch - processPackages [xaivision]: Downloading https://files.pythonhosted.org/packages/df/27/edbca54b246eb1db52bdc04014a09c8ff1a182acbc3b4f83d5ab579090dd/xaivision-0.5.2.tar.gz
[2024-05-13 00:04:56] WARNING root fetch - processPackages [etherionz]: Skipping, unable to determine old version
[2024-05-13 00:04:56] INFO root fetch - main [MainThread]: End processing [etherionz] error
[2024-05-13 00:04:56] WARNING root fetch - processPackages [adornoz]: Skipping, unable to determine old version
[2024-05-13 00:04:56] INFO root fetch - main [MainThread]: End processing [adornoz] error
[2024-05-13 00:04:56] INFO root fetch - processPackages [PayOpt]: New version: [1.0.2] Old Version: [1.0.1]
[2024-05-13 00:04:56] INFO root fetch - processPackages [PayOpt]: Downloading https://files.pythonhosted.org/packages/16/44/04e51b910de63e85c3864ce66ac739720fff735df9f2a19a5cf0f1233f7c/payopt-1.0.1.tar.gz
[2024-05-13 00:04:56] INFO root fetch - processPackages [xaivision]: Downloading https://files.pythonhosted.org/packages/8a/fd/d685bed3acf1cbae2449bb1438f4a5c4db812e00cf5a7e4be512b78bd74c/xaivision-0.5.3.tar.gz
[2024-05-13 00:04:57] INFO root fetch - processPackages [xaivision]: executing diffoscope
[2024-05-13 00:04:57] INFO root fetch - processPackages [xaivision]: podman run --user 0:0 --rm -w /home/abi/fetcher -v /home/abi/fetcher/tmp:/home/abi/fetcher/tmp:ro -v /home/abi/fetcher/20240513:/home/abi/fetcher/20240513:rw registry.salsa.debian.org/reproducible-builds/diffoscope --no-progress tmp/xaivision-0.5.2.tar.gz tmp/xaivision-0.5.3.tar.gz --markdown 20240513/x/xaivision/0.5.2-0.5.3/README.md --exclude *.pyd
[2024-05-13 00:04:57] INFO root fetch - processPackages [PayOpt]: Downloading https://files.pythonhosted.org/packages/57/4e/3c5fd277cb41e5a42efb1c076059dfc7842dc7226d031ec3ea4cd46d5179/payopt-1.0.2.tar.gz
[2024-05-13 00:04:57] INFO root fetch - processPackages [PayOpt]: executing diffoscope
[2024-05-13 00:04:57] INFO root fetch - processPackages [PayOpt]: podman run --user 0:0 --rm -w /home/abi/fetcher -v /home/abi/fetcher/tmp:/home/abi/fetcher/tmp:ro -v /home/abi/fetcher/20240513:/home/abi/fetcher/20240513:rw registry.salsa.debian.org/reproducible-builds/diffoscope --no-progress tmp/payopt-1.0.1.tar.gz tmp/payopt-1.0.2.tar.gz --markdown 20240513/P/PayOpt/1.0.1-1.0.2/README.md --exclude *.pyd
[2024-05-13 00:04:57] INFO root fetch - processPackages [xaivision]: Remove: archive file [/home/abi/fetcher/tmp/xaivision-0.5.2.tar.gz]
[2024-05-13 00:04:57] INFO root fetch - processPackages [xaivision]: Remove: archive file [/home/abi/fetcher/tmp/xaivision-0.5.3.tar.gz]
[2024-05-13 00:04:57] INFO root fetch - main [MainThread]: End processing [xaivision]: success
[2024-05-13 00:04:57] INFO root fetch - processPackages [PayOpt]: Remove: archive file [/home/abi/fetcher/tmp/payopt-1.0.1.tar.gz]
[2024-05-13 00:04:57] INFO root fetch - processPackages [PayOpt]: Remove: archive file [/home/abi/fetcher/tmp/payopt-1.0.2.tar.gz]
[2024-05-13 00:04:57] INFO root fetch - main [MainThread]: End processing [PayOpt]: success
[2024-05-13 00:04:57] INFO root fetch - main [MainThread]: Store serial: [23174345]
